<?xml version="1.0" encoding="UTF-8"?>
<!-- Generated by org.testng.reporters.JUnitXMLReporter -->
<testsuite hostname="INHD0883" ignored="3" name="Test" tests="2" failures="1" timestamp="01 Sep 2017 10:35:26 GMT" time="35.377" errors="0">
  <testcase name="todaySalesOrders" time="13.079" classname="org.emdcs.test.partsview.VerifytodaySalesOrders"/>
  <testcase name="invoiceByPartNumber" time="10.102" classname="org.emdcs.test.partsview.VerifyInvoiceByPartNumber">
    <failure type="org.openqa.selenium.NoSuchElementException" message="No link found with text: Invoice By Part Number
For documentation on this error, please visit: http://seleniumhq.org/exceptions/no_such_element.html
Build info: version: &amp;apos;3.4.0&amp;apos;, revision: &amp;apos;unknown&amp;apos;, time: &amp;apos;unknown&amp;apos;
System info: host: &amp;apos;INHD0883&amp;apos;, ip: &amp;apos;192.168.131.120&amp;apos;, os.name: &amp;apos;Windows 7&amp;apos;, os.arch: &amp;apos;amd64&amp;apos;, os.version: &amp;apos;6.1&amp;apos;, java.version: &amp;apos;1.8.0_131&amp;apos;
Driver info: driver.version: HtmlUnitDriver">
      <![CDATA[org.openqa.selenium.NoSuchElementException: No link found with text: Invoice By Part Number
For documentation on this error, please visit: http://seleniumhq.org/exceptions/no_such_element.html
Build info: version: '3.4.0', revision: 'unknown', time: 'unknown'
System info: host: 'INHD0883', ip: '192.168.131.120', os.name: 'Windows 7', os.arch: 'amd64', os.version: '6.1', java.version: '1.8.0_131'
Driver info: driver.version: HtmlUnitDriver
	at org.openqa.selenium.htmlunit.HtmlUnitDriver.findElementByLinkText(HtmlUnitDriver.java:1156)
	at org.openqa.selenium.By$ByLinkText.findElement(By.java:246)
	at org.openqa.selenium.htmlunit.HtmlUnitDriver$5.call(HtmlUnitDriver.java:1965)
	at org.openqa.selenium.htmlunit.HtmlUnitDriver$5.call(HtmlUnitDriver.java:1)
	at org.openqa.selenium.htmlunit.HtmlUnitDriver.implicitlyWaitFor(HtmlUnitDriver.java:1601)
	at org.openqa.selenium.htmlunit.HtmlUnitDriver.findElement(HtmlUnitDriver.java:1961)
	at org.openqa.selenium.htmlunit.HtmlUnitDriver.findElement(HtmlUnitDriver.java:756)
	at org.openqa.selenium.support.pagefactory.DefaultElementLocator.findElement(DefaultElementLocator.java:69)
	at org.openqa.selenium.support.pagefactory.internal.LocatingElementHandler.invoke(LocatingElementHandler.java:38)
	at com.sun.proxy.$Proxy22.click(Unknown Source)
	at org.emdcs.partsview.pageobject.PartsviewmenuPOM.clickInvoiceByPartNumber(PartsviewmenuPOM.java:75)
	at org.emdcs.test.partsview.VerifyInvoiceByPartNumber.invoiceByPartNumber(VerifyInvoiceByPartNumber.java:26)
... Removed 25 stack frames]]>
    </failure>
  </testcase> <!-- invoiceByPartNumber -->
  <testcase name="@AfterSuite tearDown" time="0.0" classname="core.Launchbrowser">
    <ignored/>
  </testcase> <!-- @AfterSuite tearDown -->
  <testcase name="@BeforeSuite setUp" time="0.0" classname="core.Launchbrowser">
    <ignored/>
  </testcase> <!-- @BeforeSuite setUp -->
  <testcase name="@AfterTest exitbrowser" time="0.0" classname="core.Launchbrowser">
    <ignored/>
  </testcase> <!-- @AfterTest exitbrowser -->
</testsuite> <!-- Test -->
