<?xml version="1.0" encoding="UTF-8"?>
<!-- Generated by org.testng.reporters.JUnitReportReporter -->
<testsuite name="org.emdcs.test.partsview.VerifyViewSalesOrdersByOrderType" tests="1" time="12.683" ignored="24" failures="0" timestamp="14 Aug 2017 07:20:13 GMT" skipped="0" hostname="INHD0883" errors="1">
  <testcase name="byOrderType" time="12.683" classname="org.emdcs.test.partsview.VerifyViewSalesOrdersByOrderType">
    <error type="org.openqa.selenium.NoSuchElementException" message="no such element: Unable to locate element: {&quot;method&quot;:&quot;xpath&quot;,&quot;selector&quot;:&quot;/html/body/form/table/tbody/tr/td/div/b/select&quot;}
  (Session info: chrome=60.0.3112.90)
  (Driver info: chromedriver=2.31.488763 (092de99f48a300323ecf8c2a4e2e7cab51de5ba8),platform=Windows NT 6.1.7601 SP1 x86_64) (WARNING: The server did not provide any stacktrace information)
Command duration or timeout: 10.03 seconds
For documentation on this error, please visit: http://seleniumhq.org/exceptions/no_such_element.html
Build info: version: &#039;3.4.0&#039;, revision: &#039;unknown&#039;, time: &#039;unknown&#039;
System info: host: &#039;INHD0883&#039;, ip: &#039;192.168.131.120&#039;, os.name: &#039;Windows 7&#039;, os.arch: &#039;amd64&#039;, os.version: &#039;6.1&#039;, java.version: &#039;1.8.0_131&#039;
Driver info: org.openqa.selenium.chrome.ChromeDriver
Capabilities [{applicationCacheEnabled=false, rotatable=false, mobileEmulationEnabled=false, networkConnectionEnabled=false, chrome={chromedriverVersion=2.31.488763 (092de99f48a300323ecf8c2a4e2e7cab51de5ba8), userDataDir=C:\Users\BHOOPE~1\AppData\Local\Temp\scoped_dir16140_11484}, takesHeapSnapshot=true, pageLoadStrategy=normal, databaseEnabled=false, handlesAlerts=true, hasTouchScreen=false, version=60.0.3112.90, platform=XP, browserConnectionEnabled=false, nativeEvents=true, acceptSslCerts=true, locationContextEnabled=true, webStorageEnabled=true, browserName=chrome, takesScreenshot=true, javascriptEnabled=true, cssSelectorsEnabled=true, setWindowRect=true, unexpectedAlertBehaviour=}]
Session ID: c169ae4ea25fa22e9409d3d0772c6ea5
*** Element info: {Using=xpath, value=/html/body/form/table/tbody/tr/td/div/b/select}">
      <![CDATA[org.openqa.selenium.NoSuchElementException: no such element: Unable to locate element: {"method":"xpath","selector":"/html/body/form/table/tbody/tr/td/div/b/select"}
  (Session info: chrome=60.0.3112.90)
  (Driver info: chromedriver=2.31.488763 (092de99f48a300323ecf8c2a4e2e7cab51de5ba8),platform=Windows NT 6.1.7601 SP1 x86_64) (WARNING: The server did not provide any stacktrace information)
Command duration or timeout: 10.03 seconds
For documentation on this error, please visit: http://seleniumhq.org/exceptions/no_such_element.html
Build info: version: '3.4.0', revision: 'unknown', time: 'unknown'
System info: host: 'INHD0883', ip: '192.168.131.120', os.name: 'Windows 7', os.arch: 'amd64', os.version: '6.1', java.version: '1.8.0_131'
Driver info: org.openqa.selenium.chrome.ChromeDriver
Capabilities [{applicationCacheEnabled=false, rotatable=false, mobileEmulationEnabled=false, networkConnectionEnabled=false, chrome={chromedriverVersion=2.31.488763 (092de99f48a300323ecf8c2a4e2e7cab51de5ba8), userDataDir=C:\Users\BHOOPE~1\AppData\Local\Temp\scoped_dir16140_11484}, takesHeapSnapshot=true, pageLoadStrategy=normal, databaseEnabled=false, handlesAlerts=true, hasTouchScreen=false, version=60.0.3112.90, platform=XP, browserConnectionEnabled=false, nativeEvents=true, acceptSslCerts=true, locationContextEnabled=true, webStorageEnabled=true, browserName=chrome, takesScreenshot=true, javascriptEnabled=true, cssSelectorsEnabled=true, setWindowRect=true, unexpectedAlertBehaviour=}]
Session ID: c169ae4ea25fa22e9409d3d0772c6ea5
*** Element info: {Using=xpath, value=/html/body/form/table/tbody/tr/td/div/b/select}
	at sun.reflect.NativeConstructorAccessorImpl.newInstance0(Native Method)
	at sun.reflect.NativeConstructorAccessorImpl.newInstance(NativeConstructorAccessorImpl.java:62)
	at sun.reflect.DelegatingConstructorAccessorImpl.newInstance(DelegatingConstructorAccessorImpl.java:45)
	at java.lang.reflect.Constructor.newInstance(Constructor.java:423)
	at org.openqa.selenium.remote.ErrorHandler.createThrowable(ErrorHandler.java:215)
	at org.openqa.selenium.remote.ErrorHandler.throwIfResponseFailed(ErrorHandler.java:167)
	at org.openqa.selenium.remote.RemoteWebDriver.execute(RemoteWebDriver.java:671)
	at org.openqa.selenium.remote.RemoteWebDriver.findElement(RemoteWebDriver.java:410)
	at org.openqa.selenium.remote.RemoteWebDriver.findElementByXPath(RemoteWebDriver.java:509)
	at org.openqa.selenium.By$ByXPath.findElement(By.java:361)
	at org.openqa.selenium.remote.RemoteWebDriver.findElement(RemoteWebDriver.java:402)
	at org.openqa.selenium.support.pagefactory.DefaultElementLocator.findElement(DefaultElementLocator.java:69)
	at org.openqa.selenium.support.pagefactory.internal.LocatingElementHandler.invoke(LocatingElementHandler.java:38)
	at com.sun.proxy.$Proxy10.getTagName(Unknown Source)
	at org.openqa.selenium.support.ui.Select.<init>(Select.java:44)
	at org.emdcs.partsview.pageobject.PartsviewmenuPOM.Selectdealer(PartsviewmenuPOM.java:136)
	at org.emdcs.test.partsview.VerifyViewSalesOrdersByOrderType.byOrderType(VerifyViewSalesOrdersByOrderType.java:21)
	at sun.reflect.NativeMethodAccessorImpl.invoke0(Native Method)
	at sun.reflect.NativeMethodAccessorImpl.invoke(NativeMethodAccessorImpl.java:62)
	at sun.reflect.DelegatingMethodAccessorImpl.invoke(DelegatingMethodAccessorImpl.java:43)
	at java.lang.reflect.Method.invoke(Method.java:498)
	at org.testng.internal.MethodInvocationHelper.invokeMethod(MethodInvocationHelper.java:104)
	at org.testng.internal.Invoker.invokeMethod(Invoker.java:645)
	at org.testng.internal.Invoker.invokeTestMethod(Invoker.java:851)
	at org.testng.internal.Invoker.invokeTestMethods(Invoker.java:1177)
	at org.testng.internal.TestMethodWorker.invokeTestMethods(TestMethodWorker.java:129)
	at org.testng.internal.TestMethodWorker.run(TestMethodWorker.java:112)
	at org.testng.TestRunner.privateRun(TestRunner.java:756)
	at org.testng.TestRunner.run(TestRunner.java:610)
	at org.testng.SuiteRunner.runTest(SuiteRunner.java:387)
	at org.testng.SuiteRunner.runSequentially(SuiteRunner.java:382)
	at org.testng.SuiteRunner.privateRun(SuiteRunner.java:340)
	at org.testng.SuiteRunner.run(SuiteRunner.java:289)
	at org.testng.SuiteRunnerWorker.runSuite(SuiteRunnerWorker.java:52)
	at org.testng.SuiteRunnerWorker.run(SuiteRunnerWorker.java:86)
	at org.testng.TestNG.runSuitesSequentially(TestNG.java:1293)
	at org.testng.TestNG.runSuitesLocally(TestNG.java:1218)
	at org.testng.TestNG.runSuites(TestNG.java:1133)
	at org.testng.TestNG.run(TestNG.java:1104)
	at org.testng.remote.AbstractRemoteTestNG.run(AbstractRemoteTestNG.java:132)
	at org.testng.remote.RemoteTestNG.initAndRun(RemoteTestNG.java:236)
	at org.testng.remote.RemoteTestNG.main(RemoteTestNG.java:81)
]]>
    </error>
  </testcase> <!-- byOrderType -->
  <testcase name="tearDown" classname="core.Launchbrowser">
    <skipped/>
  </testcase> <!-- tearDown -->
  <testcase name="tearDown" classname="core.Launchbrowser">
    <skipped/>
  </testcase> <!-- tearDown -->
  <testcase name="tearDown" classname="core.Launchbrowser">
    <skipped/>
  </testcase> <!-- tearDown -->
  <testcase name="tearDown" classname="core.Launchbrowser">
    <skipped/>
  </testcase> <!-- tearDown -->
  <testcase name="tearDown" classname="core.Launchbrowser">
    <skipped/>
  </testcase> <!-- tearDown -->
  <testcase name="tearDown" classname="core.Launchbrowser">
    <skipped/>
  </testcase> <!-- tearDown -->
  <testcase name="tearDown" classname="core.Launchbrowser">
    <skipped/>
  </testcase> <!-- tearDown -->
  <testcase name="tearDown" classname="core.Launchbrowser">
    <skipped/>
  </testcase> <!-- tearDown -->
  <testcase name="exitbrowser" classname="core.Launchbrowser">
    <skipped/>
  </testcase> <!-- exitbrowser -->
  <testcase name="exitbrowser" classname="core.Launchbrowser">
    <skipped/>
  </testcase> <!-- exitbrowser -->
  <testcase name="exitbrowser" classname="core.Launchbrowser">
    <skipped/>
  </testcase> <!-- exitbrowser -->
  <testcase name="exitbrowser" classname="core.Launchbrowser">
    <skipped/>
  </testcase> <!-- exitbrowser -->
  <testcase name="exitbrowser" classname="core.Launchbrowser">
    <skipped/>
  </testcase> <!-- exitbrowser -->
  <testcase name="exitbrowser" classname="core.Launchbrowser">
    <skipped/>
  </testcase> <!-- exitbrowser -->
  <testcase name="exitbrowser" classname="core.Launchbrowser">
    <skipped/>
  </testcase> <!-- exitbrowser -->
  <testcase name="exitbrowser" classname="core.Launchbrowser">
    <skipped/>
  </testcase> <!-- exitbrowser -->
  <testcase name="setUp" classname="core.Launchbrowser">
    <skipped/>
  </testcase> <!-- setUp -->
  <testcase name="setUp" classname="core.Launchbrowser">
    <skipped/>
  </testcase> <!-- setUp -->
  <testcase name="setUp" classname="core.Launchbrowser">
    <skipped/>
  </testcase> <!-- setUp -->
  <testcase name="setUp" classname="core.Launchbrowser">
    <skipped/>
  </testcase> <!-- setUp -->
  <testcase name="setUp" classname="core.Launchbrowser">
    <skipped/>
  </testcase> <!-- setUp -->
  <testcase name="setUp" classname="core.Launchbrowser">
    <skipped/>
  </testcase> <!-- setUp -->
  <testcase name="setUp" classname="core.Launchbrowser">
    <skipped/>
  </testcase> <!-- setUp -->
  <testcase name="setUp" classname="core.Launchbrowser">
    <skipped/>
  </testcase> <!-- setUp -->
</testsuite> <!-- org.emdcs.test.partsview.VerifyViewSalesOrdersByOrderType -->
